2021-12-30 14:21:46,719 INFO  [Log] Test called: Testing the authentication has started 
2021-12-30 14:21:49,486 INFO  [Log] INFO: Navigating to https://lms.juaracoding.com/automationpractice/ 
2021-12-30 14:21:52,656 INFO  [Log] Test called: Testing dashboard page has started 
2022-01-01 10:28:57,776 INFO  [Log] Test called: Testing the authentication has started 
2022-01-01 10:29:07,243 INFO  [Log] INFO: Navigating to https://shop.demoqa.com/ 
2022-01-01 10:29:07,569 INFO  [Log] Test called: Testing dashboard page has started 
2022-01-01 10:30:05,730 INFO  [Log] Test called: Testing the authentication has started 
2022-01-01 10:30:09,006 INFO  [Log] INFO: Navigating to https://shop.demoqa.com/ 
2022-01-01 10:30:09,276 INFO  [Log] Test called: Testing dashboard page has started 
2022-01-01 10:30:39,942 INFO  [Log] Test called: Testing the authentication has started 
2022-01-01 10:30:47,671 INFO  [Log] INFO: Navigating to https://shop.demoqa.com/ 
2022-01-01 10:30:47,955 INFO  [Log] Test called: Testing dashboard page has started 
2022-01-01 10:46:47,848 INFO  [Log] Test called: Testing the authentication has started 
2022-01-01 10:46:48,071 INFO  [Log] Test called: Testing dashboard page has started 
2022-01-01 10:47:02,829 INFO  [Log] INFO: Navigating to https://shop.demoqa.com/ 
2022-01-01 10:47:54,160 INFO  [Log] Test called: Testing the authentication has started 
2022-01-01 10:47:54,386 INFO  [Log] Test called: Testing dashboard page has started 
2022-01-01 10:48:08,740 INFO  [Log] INFO: Navigating to https://shop.demoqa.com/ 
2022-01-01 10:50:37,218 INFO  [Log] Test called: Testing the authentication has started 
2022-01-01 10:50:37,454 INFO  [Log] Test called: Testing dashboard page has started 
2022-01-01 10:50:51,909 INFO  [Log] INFO: Navigating to https://shop.demoqa.com/ 
2022-01-01 10:51:28,588 INFO  [Log] Test called: Testing the authentication has started 
2022-01-01 10:51:28,819 INFO  [Log] Test called: Testing dashboard page has started 
2022-01-01 10:51:43,079 INFO  [Log] INFO: Navigating to https://shop.demoqa.com/ 
2022-01-01 10:52:34,997 INFO  [Log] Test called: Testing the authentication has started 
2022-01-01 10:52:35,222 INFO  [Log] Test called: Testing dashboard page has started 
2022-01-01 10:52:49,714 INFO  [Log] INFO: Navigating to https://shop.demoqa.com/ 
2022-01-01 10:53:57,633 INFO  [Log] Test called: Testing the authentication has started 
2022-01-01 10:53:57,846 INFO  [Log] Test called: Testing dashboard page has started 
2022-01-01 10:54:12,130 INFO  [Log] INFO: Navigating to https://shop.demoqa.com/ 
2022-01-01 11:01:25,052 INFO  [Log] Test called: Testing the authentication has started 
2022-01-01 11:01:56,877 INFO  [Log] Test called: Testing the authentication has started 
2022-01-01 11:03:31,846 INFO  [Log] Test called: Testing the authentication has started 
2022-01-01 11:08:46,931 INFO  [Log] Test called: Testing the authentication has started 
2022-01-01 11:09:50,047 INFO  [Log] Test called: Testing the authentication has started 
2022-01-01 11:10:04,355 INFO  [Log] INFO: Navigating to https://shop.demoqa.com/ 
2022-01-01 11:10:35,667 INFO  [Log] Test called: Testing the authentication has started 
2022-01-01 11:10:50,040 INFO  [Log] INFO: Navigating to https://shop.demoqa.com/ 
2022-01-01 11:14:29,234 INFO  [Log] Test called: Testing the authentication has started 
2022-01-01 11:14:44,198 INFO  [Log] INFO: Navigating to https://shop.demoqa.com/ 
2022-01-01 11:16:13,435 INFO  [Log] Test called: Testing the authentication has started 
2022-01-01 11:16:27,868 INFO  [Log] INFO: Navigating to https://shop.demoqa.com/ 
2022-01-01 11:17:54,376 INFO  [Log] Test called: Testing the authentication has started 
2022-01-01 11:18:08,682 INFO  [Log] INFO: Navigating to https://shop.demoqa.com/ 
2022-01-01 11:18:59,879 INFO  [Log] Test called: Testing the authentication has started 
2022-01-01 11:19:04,673 INFO  [Log] INFO: Navigating to https://shop.demoqa.com/ 
2022-01-01 11:19:15,715 INFO  [Log] Test called: Testing the authentication has started 
2022-01-01 11:19:29,120 INFO  [Log] Test called: Testing the authentication has started 
2022-01-01 11:19:43,438 INFO  [Log] INFO: Navigating to https://shop.demoqa.com/ 
2022-01-01 11:20:53,513 INFO  [Log] Test called: Testing the authentication has started 
2022-01-01 11:21:08,270 INFO  [Log] INFO: Navigating to https://shop.demoqa.com/ 
2022-01-01 11:21:28,806 INFO  [Log] Test called: Testing the authentication has started 
2022-01-01 11:21:43,238 INFO  [Log] INFO: Navigating to https://shop.demoqa.com/ 
2022-01-01 11:23:46,470 INFO  [Log] Test called: Testing the authentication has started 
2022-01-01 11:24:21,883 INFO  [Log] Test called: Testing the authentication has started 
2022-01-01 11:24:36,998 INFO  [Log] INFO: Navigating to https://shop.demoqa.com/ 
2022-01-01 11:27:52,450 INFO  [Log] Test called: Testing the authentication has started 
2022-01-01 11:28:07,333 INFO  [Log] INFO: Navigating to https://shop.demoqa.com/ 
2022-01-01 11:46:41,108 INFO  [Log] Test called: Testing the authentication has started 
2022-01-01 11:46:56,152 INFO  [Log] INFO: Navigating to https://shop.demoqa.com/ 
2022-01-01 11:49:05,450 INFO  [Log] Test called: Testing the authentication has started 
2022-01-01 11:49:15,440 INFO  [Log] INFO: Navigating to https://shop.demoqa.com/ 
2022-01-01 11:50:40,838 INFO  [Log] Test called: Testing the authentication has started 
2022-01-01 11:50:55,301 INFO  [Log] INFO: Navigating to https://shop.demoqa.com/ 
2022-01-01 11:52:38,218 INFO  [Log] Test called: Testing the authentication has started 
2022-01-01 11:52:52,988 INFO  [Log] INFO: Navigating to https://shop.demoqa.com/ 
2022-01-01 11:58:10,253 INFO  [Log] Test called: Testing the authentication has started 
2022-01-01 11:58:24,897 INFO  [Log] INFO: Navigating to https://shop.demoqa.com/ 
2022-01-01 12:01:21,052 INFO  [Log] Test called: Testing the authentication has started 
2022-01-01 12:01:35,253 INFO  [Log] INFO: Navigating to https://shop.demoqa.com/ 
2022-01-01 12:06:03,421 INFO  [Log] Test called: Testing the authentication has started 
2022-01-01 12:06:17,888 INFO  [Log] INFO: Navigating to https://shop.demoqa.com/ 
2022-01-01 13:29:49,628 INFO  [Log] Test called: Testing the authentication has started 
2022-01-01 13:29:59,925 INFO  [Log] Test called: Testing dashboard page has started 
2022-01-01 13:32:17,703 INFO  [Log] Test called: Testing register has started 
2022-01-01 13:32:27,989 INFO  [Log] Test called: Testing the authentication has started 
2022-01-01 13:32:44,520 INFO  [Log] INFO: Navigating to https://shop.demoqa.com/ 
2022-01-01 13:38:00,931 INFO  [Log] Test called: Testing register has started 
2022-01-01 13:38:08,502 INFO  [Log] Test called: Testing the authentication has started 
2022-01-01 13:38:17,472 INFO  [Log] Test called: Testing register has started 
2022-01-01 13:38:28,756 INFO  [Log] Test called: Testing the authentication has started 
2022-01-01 13:39:52,022 INFO  [Log] Test called: Testing register has started 
2022-01-01 13:40:06,279 INFO  [Log] INFO: Navigating to https://shop.demoqa.com/ 
2022-01-01 13:40:17,212 INFO  [Log] Test called: Testing the authentication has started 
2022-01-01 13:44:07,424 INFO  [Log] Test called: Testing register has started 
2022-01-01 13:44:22,035 INFO  [Log] INFO: Navigating to https://shop.demoqa.com/ 
2022-01-01 13:44:35,670 INFO  [Log] Test called: Testing the authentication has started 
2022-01-01 13:45:14,047 INFO  [Log] Test called: Testing register has started 
2022-01-01 13:45:28,985 INFO  [Log] INFO: Navigating to https://shop.demoqa.com/ 
2022-01-01 13:45:39,890 INFO  [Log] Test called: Testing the authentication has started 
2022-01-01 13:57:21,149 INFO  [Log] Test called: Testing register has started 
2022-01-01 13:57:36,115 INFO  [Log] INFO: Navigating to https://shop.demoqa.com/ 
2022-01-01 13:57:38,130 INFO  [Log] Test called: Testing the authentication has started 
2022-01-01 13:57:56,044 INFO  [Log] Test called: Testing register has started 
2022-01-01 13:58:10,403 INFO  [Log] INFO: Navigating to https://shop.demoqa.com/ 
2022-01-01 13:58:21,033 INFO  [Log] Test called: Testing the authentication has started 
2022-01-01 14:56:41,531 INFO  [Log] Test called: Testing register has started 
2022-01-01 14:56:56,197 INFO  [Log] INFO: Navigating to https://shop.demoqa.com/ 
2022-01-01 14:57:06,702 INFO  [Log] Test called: Testing the authentication has started 
2022-01-01 15:05:40,596 INFO  [Log] Test called: Testing register has started 
2022-01-01 15:05:55,062 INFO  [Log] INFO: Navigating to https://shop.demoqa.com/ 
2022-01-01 15:06:05,752 INFO  [Log] Test called: Testing the authentication has started 
2022-01-01 15:12:37,706 INFO  [Log] Test called: Testing register has started 
2022-01-01 15:12:52,251 INFO  [Log] INFO: Navigating to https://shop.demoqa.com/ 
2022-01-01 15:13:03,322 INFO  [Log] Test called: Testing the authentication has started 
2022-01-01 15:13:05,731 INFO  [Log] Test called: Testing add to cart has started 
2022-01-01 15:16:19,393 INFO  [Log] Test called: Testing register has started 
2022-01-01 15:16:33,749 INFO  [Log] INFO: Navigating to https://shop.demoqa.com/ 
2022-01-01 15:16:44,354 INFO  [Log] Test called: Testing the authentication has started 
2022-01-01 15:16:46,805 INFO  [Log] Test called: Testing add to cart has started 
